Using pre-set license
Built from '2020.3/staging' branch; Version is '2020.3.8f1 (507919d4fff5) revision 5273881'; Using compiler version '192528614'; Build Type 'Release'
OS: 'Windows 10 Home; OS build 19043.1415; Version 2009; 64bit' Language: 'de' Physical Memory: 16193 MB
BatchMode: 1, IsHumanControllingUs: 0, StartBugReporterOnCrash: 0, Is64bit: 1, IsPro: 0

 COMMAND LINE ARGUMENTS:
C:\Program Files\Microsoft VS Code\2020.3.8f1\Editor\Unity.exe
-adb2
-batchMode
-noUpm
-name
AssetImportWorker0
-projectPath
D:/Documents/Privat/IT Projekte/unity/Course - Junior Programmer/Mission 3/repo/Programmer theory project
-logFile
Logs/AssetImportWorker0.log
-srvPort
50141
Successfully changed project path to: D:/Documents/Privat/IT Projekte/unity/Course - Junior Programmer/Mission 3/repo/Programmer theory project
D:/Documents/Privat/IT Projekte/unity/Course - Junior Programmer/Mission 3/repo/Programmer theory project
Using Asset Import Pipeline V2.
Refreshing native plugins compatible for Editor in 26.59 ms, found 0 plugins.
Preloading 0 native plugins for Editor in 0.00 ms.
Initialize engine version: 2020.3.8f1 (507919d4fff5)
[Subsystems] Discovering subsystems at path C:/Program Files/Microsoft VS Code/2020.3.8f1/Editor/Data/Resources/UnitySubsystems
[Subsystems] Discovering subsystems at path D:/Documents/Privat/IT Projekte/unity/Course - Junior Programmer/Mission 3/repo/Programmer theory project/Assets
GfxDevice: creating device client; threaded=0
Direct3D:
    Version:  Direct3D 11.0 [level 11.0]
    Renderer: NVIDIA GeForce 940MX (ID=0x134d)
    Vendor:   
    VRAM:     2019 MB
    Driver:   21.21.13.7654
Initialize mono
Mono path[0] = 'C:/Program Files/Microsoft VS Code/2020.3.8f1/Editor/Data/Managed'
Mono path[1] = 'C:/Program Files/Microsoft VS Code/2020.3.8f1/Editor/Data/MonoBleedingEdge/lib/mono/unityjit'
Mono config path = 'C:/Program Files/Microsoft VS Code/2020.3.8f1/Editor/Data/MonoBleedingEdge/etc'
Using monoOptions --debugger-agent=transport=dt_socket,embedding=1,server=y,suspend=n,address=127.0.0.1:56712
Begin MonoManager ReloadAssembly
Registering precompiled unity dll's ...
Register platform support module: C:/Program Files/Microsoft VS Code/2020.3.8f1/Editor/Data/PlaybackEngines/WebGLSupport/UnityEditor.WebGL.Extensions.dll
Register platform support module: C:/Program Files/Microsoft VS Code/2020.3.8f1/Editor/Data/PlaybackEngines/WindowsStandaloneSupport/UnityEditor.WindowsStandalone.Extensions.dll
Registered in 0.002521 seconds.
Native extension for WindowsStandalone target not found
Native extension for WebGL target not found
Refreshing native plugins compatible for Editor in 33.68 ms, found 0 plugins.
Preloading 0 native plugins for Editor in 0.00 ms.
Mono: successfully reloaded assembly
- Completed reload, in  1.410 seconds
Platform modules already initialized, skipping
Registering precompiled user dll's ...
Registered in 0.001161 seconds.
Begin MonoManager ReloadAssembly
Native extension for WindowsStandalone target not found
Native extension for WebGL target not found
Refreshing native plugins compatible for Editor in 0.21 ms, found 0 plugins.
Preloading 0 native plugins for Editor in 0.00 ms.
Mono: successfully reloaded assembly
- Completed reload, in  0.941 seconds
Platform modules already initialized, skipping
========================================================================
Worker process is ready to serve import requests
Launched and connected shader compiler UnityShaderCompiler.exe after 0.06 seconds
Refreshing native plugins compatible for Editor in 0.38 ms, found 0 plugins.
Preloading 0 native plugins for Editor in 0.00 ms.
Unloading 1115 Unused Serialized files (Serialized files now loaded: 0)
System memory in use before: 57.6 MB.
System memory in use after: 57.6 MB.

Unloading 10 unused Assets to reduce memory usage. Loaded Objects now: 1557.
Total: 3.034400 ms (FindLiveObjects: 0.254600 ms CreateObjectMapping: 0.094100 ms MarkObjects: 2.585000 ms  DeleteObjects: 0.099000 ms)

========================================================================
Received Import Request.
  path: Assets
  artifactKey: Guid(00000000000000001000000000000000) Importer(815301076,1909f56bfc062723c751e8b465ee728b)
Start importing Assets using Guid(00000000000000001000000000000000) Importer(815301076,1909f56bfc062723c751e8b465ee728b)  -> (artifact id: '42d402b061de3733987d63b9cc3b64de') in 0.014696 seconds
  Import took 0.018321 seconds .

========================================================================
Received Import Request.
  Time since last request: 1.172107 seconds.
  path: Assets/Materials
  artifactKey: Guid(1a0bbcc34abb25641bf73818ca3f6df0) Importer(815301076,1909f56bfc062723c751e8b465ee728b)
Start importing Assets/Materials using Guid(1a0bbcc34abb25641bf73818ca3f6df0) Importer(815301076,1909f56bfc062723c751e8b465ee728b)  -> (artifact id: '3b1e967fd08ac6e800e64da7712ba954') in 0.009656 seconds
  Import took 0.012304 seconds .

========================================================================
Received Import Request.
  Time since last request: 163.956132 seconds.
  path: Assets/Materials/Background.mat
  artifactKey: Guid(d38d36b20f34f1846b5ee325d1ff0d1a) Importer(815301076,1909f56bfc062723c751e8b465ee728b)
Start importing Assets/Materials/Background.mat using Guid(d38d36b20f34f1846b5ee325d1ff0d1a) Importer(815301076,1909f56bfc062723c751e8b465ee728b)  -> (artifact id: 'b20b073045c528f5f5643b7a8244c5cd') in 0.184863 seconds
  Import took 0.188765 seconds .

